\BOOKMARK [0][-]{chapter.1}{\376\377\000S\000t\000a\000t\000u\000s}{}% 1
\BOOKMARK [0][-]{chapter.2}{\376\377\000I\000n\000s\000t\000a\000l\000l\000a\000t\000i\000o\000n}{}% 2
\BOOKMARK [0][-]{chapter.3}{\376\377\000U\000s\000a\000g\000e}{}% 3
\BOOKMARK [1][-]{section.3.1}{\376\377\000R\000u\000n\000\040\000D\000r\000y\000V\000R\000\040\000V\000e\000r\000f\000i\000c\000a\000t\000i\000o\000n}{chapter.3}% 4
\BOOKMARK [1][-]{section.3.2}{\376\377\000R\000u\000n\000\040\000D\000r\000y\000V\000R\000\040\000C\000o\000n\000t\000r\000o\000l\000\040\000S\000y\000n\000t\000h\000e\000s\000i\000s}{chapter.3}% 5
\BOOKMARK [1][-]{section.3.3}{\376\377\000P\000l\000o\000t\000t\000e\000r}{chapter.3}% 6
\BOOKMARK [0][-]{chapter.4}{\376\377\000D\000r\000y\000V\000R\000'\000s\000\040\000L\000a\000n\000g\000u\000a\000g\000e}{}% 7
\BOOKMARK [1][-]{section.4.1}{\376\377\000B\000l\000a\000c\000k\000-\000b\000o\000x\000\040\000S\000i\000m\000u\000l\000a\000t\000o\000r}{chapter.4}% 8
\BOOKMARK [1][-]{section.4.2}{\376\377\000T\000r\000a\000n\000s\000i\000t\000i\000o\000n\000\040\000G\000r\000a\000p\000h}{chapter.4}% 9
\BOOKMARK [1][-]{section.4.3}{\376\377\000I\000n\000p\000u\000t\000\040\000F\000o\000r\000m\000a\000t}{chapter.4}% 10
\BOOKMARK [1][-]{section.4.4}{\376\377\000O\000u\000t\000p\000u\000t\000\040\000I\000n\000t\000e\000r\000p\000r\000e\000t\000a\000t\000i\000o\000n}{chapter.4}% 11
\BOOKMARK [1][-]{section.4.5}{\376\377\000A\000d\000v\000a\000n\000c\000e\000d\000\040\000T\000r\000i\000c\000k\000s\000:\000\040\000V\000e\000r\000i\000f\000y\000\040\000y\000o\000u\000r\000\040\000o\000w\000n\000\040\000b\000l\000a\000c\000k\000-\000b\000o\000x\000\040\000s\000y\000s\000t\000e\000m}{chapter.4}% 12
\BOOKMARK [0][-]{chapter.5}{\376\377\000D\000r\000y\000V\000R\000'\000s\000\040\000C\000o\000n\000t\000r\000o\000l\000\040\000S\000y\000n\000t\000h\000e\000s\000i\000s}{}% 13
\BOOKMARK [1][-]{section.5.1}{\376\377\000I\000n\000p\000u\000t\000\040\000F\000o\000r\000m\000a\000t}{chapter.5}% 14
\BOOKMARK [1][-]{section.5.2}{\376\377\000O\000u\000t\000p\000u\000t\000\040\000I\000n\000t\000e\000r\000p\000r\000e\000t\000a\000t\000i\000o\000n}{chapter.5}% 15
\BOOKMARK [1][-]{section.5.3}{\376\377\000A\000d\000v\000a\000n\000c\000e\000d\000\040\000T\000r\000i\000c\000k\000s\000:\000\040\000M\000a\000k\000i\000n\000g\000\040\000c\000o\000n\000t\000r\000o\000l\000\040\000s\000y\000n\000t\000h\000e\000s\000i\000s\000\040\000w\000o\000r\000k\000\040\000o\000n\000\040\000y\000o\000u\000r\000\040\000o\000w\000n\000\040\000b\000l\000a\000c\000k\000-\000b\000o\000x\000\040\000s\000y\000s\000t\000e\000m}{chapter.5}% 16
\BOOKMARK [0][-]{chapter.6}{\376\377\000E\000x\000a\000m\000p\000l\000e\000s}{}% 17
\BOOKMARK [1][-]{section.6.1}{\376\377\000G\000e\000t\000t\000i\000n\000g\000\040\000s\000t\000a\000r\000t\000e\000d\000:\000\040\000S\000i\000m\000p\000l\000e\000\040\000A\000u\000t\000o\000m\000a\000t\000i\000c\000\040\000E\000m\000e\000r\000g\000e\000n\000c\000y\000\040\000B\000r\000a\000k\000i\000n\000g}{chapter.6}% 18
\BOOKMARK [1][-]{section.6.2}{\376\377\000V\000e\000r\000i\000f\000i\000c\000a\000t\000i\000o\000n\000\040\000P\000e\000f\000o\000r\000m\000a\000n\000c\000e}{chapter.6}% 19
\BOOKMARK [1][-]{section.6.3}{\376\377\000G\000r\000a\000p\000h\000\040\000S\000e\000a\000r\000c\000h\000\040\000P\000e\000r\000f\000o\000r\000m\000a\000n\000c\000e}{chapter.6}% 20
\BOOKMARK [0][-]{chapter.7}{\376\377\000P\000u\000b\000l\000i\000c\000a\000t\000i\000o\000n\000s}{}% 21
\BOOKMARK [0][-]{chapter.8}{\376\377\000P\000e\000o\000p\000l\000e\000\040\000I\000n\000v\000o\000l\000v\000e\000d}{}% 22
